2019/09/05-10:14 [main] INFO  com.zmh.stuspringbootdemo.StuSpringbootDemoApplication- Starting StuSpringbootDemoApplication on DESKTOP-5TJ4AHQ with PID 13608 (D:\ideaWorkspace\stu-springboot-demo\target\classes started by Hang in D:\ideaWorkspace\stu-springboot-demo)
2019/09/05-10:14 [main] INFO  com.zmh.stuspringbootdemo.StuSpringbootDemoApplication- No active profile set, falling back to default profiles: default
2019/09/05-10:14 [main] INFO  org.springframework.context.support.PostProcessorRegistrationDelegate$BeanPostProcessorChecker- Bean 'shiroConfiguration' of type [com.zmh.stuspringbootdemo.config.shiro.ShiroConfiguration$$EnhancerBySpringCGLIB$$498622c8] is not eligible for getting processed by all BeanPostProcessors (for example: not eligible for auto-proxying)
2019/09/05-10:14 [main] INFO  org.springframework.context.support.PostProcessorRegistrationDelegate$BeanPostProcessorChecker- Bean 'org.springframework.transaction.annotation.ProxyTransactionManagementConfiguration' of type [org.springframework.transaction.annotation.ProxyTransactionManagementConfiguration$$EnhancerBySpringCGLIB$$a2f9bf13] is not eligible for getting processed by all BeanPostProcessors (for example: not eligible for auto-proxying)
2019/09/05-10:14 [main] INFO  org.springframework.context.support.PostProcessorRegistrationDelegate$BeanPostProcessorChecker- Bean 'mybatis-org.mybatis.spring.boot.autoconfigure.MybatisProperties' of type [org.mybatis.spring.boot.autoconfigure.MybatisProperties] is not eligible for getting processed by all BeanPostProcessors (for example: not eligible for auto-proxying)
2019/09/05-10:14 [main] INFO  org.springframework.context.support.PostProcessorRegistrationDelegate$BeanPostProcessorChecker- Bean 'org.mybatis.spring.boot.autoconfigure.MybatisAutoConfiguration' of type [org.mybatis.spring.boot.autoconfigure.MybatisAutoConfiguration$$EnhancerBySpringCGLIB$$d5ce1043] is not eligible for getting processed by all BeanPostProcessors (for example: not eligible for auto-proxying)
2019/09/05-10:14 [main] INFO  org.springframework.context.support.PostProcessorRegistrationDelegate$BeanPostProcessorChecker- Bean 'org.springframework.boot.autoconfigure.jdbc.DataSourceConfiguration$Hikari' of type [org.springframework.boot.autoconfigure.jdbc.DataSourceConfiguration$Hikari$$EnhancerBySpringCGLIB$$e3792900] is not eligible for getting processed by all BeanPostProcessors (for example: not eligible for auto-proxying)
2019/09/05-10:14 [main] INFO  org.springframework.context.support.PostProcessorRegistrationDelegate$BeanPostProcessorChecker- Bean 'spring.datasource-org.springframework.boot.autoconfigure.jdbc.DataSourceProperties' of type [org.springframework.boot.autoconfigure.jdbc.DataSourceProperties] is not eligible for getting processed by all BeanPostProcessors (for example: not eligible for auto-proxying)
2019/09/05-10:14 [main] INFO  org.springframework.context.support.PostProcessorRegistrationDelegate$BeanPostProcessorChecker- Bean 'dataSource' of type [com.zaxxer.hikari.HikariDataSource] is not eligible for getting processed by all BeanPostProcessors (for example: not eligible for auto-proxying)
2019/09/05-10:14 [main] INFO  org.springframework.context.support.PostProcessorRegistrationDelegate$BeanPostProcessorChecker- Bean 'org.springframework.boot.autoconfigure.jdbc.DataSourceInitializerInvoker' of type [org.springframework.boot.autoconfigure.jdbc.DataSourceInitializerInvoker] is not eligible for getting processed by all BeanPostProcessors (for example: not eligible for auto-proxying)
2019/09/05-10:14 [main] INFO  org.springframework.context.support.PostProcessorRegistrationDelegate$BeanPostProcessorChecker- Bean 'sqlSessionFactory' of type [org.apache.ibatis.session.defaults.DefaultSqlSessionFactory] is not eligible for getting processed by all BeanPostProcessors (for example: not eligible for auto-proxying)
2019/09/05-10:14 [main] INFO  org.springframework.context.support.PostProcessorRegistrationDelegate$BeanPostProcessorChecker- Bean 'sqlSessionTemplate' of type [org.mybatis.spring.SqlSessionTemplate] is not eligible for getting processed by all BeanPostProcessors (for example: not eligible for auto-proxying)
2019/09/05-10:14 [main] INFO  org.springframework.context.support.PostProcessorRegistrationDelegate$BeanPostProcessorChecker- Bean 'userMapper' of type [org.mybatis.spring.mapper.MapperFactoryBean] is not eligible for getting processed by all BeanPostProcessors (for example: not eligible for auto-proxying)
2019/09/05-10:14 [main] INFO  org.springframework.context.support.PostProcessorRegistrationDelegate$BeanPostProcessorChecker- Bean 'userMapper' of type [com.sun.proxy.$Proxy63] is not eligible for getting processed by all BeanPostProcessors (for example: not eligible for auto-proxying)
2019/09/05-10:14 [main] INFO  org.springframework.context.support.PostProcessorRegistrationDelegate$BeanPostProcessorChecker- Bean 'userServiceImpl' of type [com.zmh.stuspringbootdemo.service.Impl.UserServiceImpl] is not eligible for getting processed by all BeanPostProcessors (for example: not eligible for auto-proxying)
2019/09/05-10:14 [main] INFO  org.springframework.context.support.PostProcessorRegistrationDelegate$BeanPostProcessorChecker- Bean 'roleMapper' of type [org.mybatis.spring.mapper.MapperFactoryBean] is not eligible for getting processed by all BeanPostProcessors (for example: not eligible for auto-proxying)
2019/09/05-10:14 [main] INFO  org.springframework.context.support.PostProcessorRegistrationDelegate$BeanPostProcessorChecker- Bean 'roleMapper' of type [com.sun.proxy.$Proxy65] is not eligible for getting processed by all BeanPostProcessors (for example: not eligible for auto-proxying)
2019/09/05-10:14 [main] INFO  org.springframework.context.support.PostProcessorRegistrationDelegate$BeanPostProcessorChecker- Bean 'roleServiceImpl' of type [com.zmh.stuspringbootdemo.service.Impl.RoleServiceImpl] is not eligible for getting processed by all BeanPostProcessors (for example: not eligible for auto-proxying)
2019/09/05-10:14 [main] INFO  org.springframework.context.support.PostProcessorRegistrationDelegate$BeanPostProcessorChecker- Bean 'permissionMapper' of type [org.mybatis.spring.mapper.MapperFactoryBean] is not eligible for getting processed by all BeanPostProcessors (for example: not eligible for auto-proxying)
2019/09/05-10:14 [main] INFO  org.springframework.context.support.PostProcessorRegistrationDelegate$BeanPostProcessorChecker- Bean 'permissionMapper' of type [com.sun.proxy.$Proxy67] is not eligible for getting processed by all BeanPostProcessors (for example: not eligible for auto-proxying)
2019/09/05-10:14 [main] INFO  org.springframework.context.support.PostProcessorRegistrationDelegate$BeanPostProcessorChecker- Bean 'permissionServiceImpl' of type [com.zmh.stuspringbootdemo.service.Impl.PermissionServiceImpl] is not eligible for getting processed by all BeanPostProcessors (for example: not eligible for auto-proxying)
2019/09/05-10:14 [main] INFO  org.springframework.context.support.PostProcessorRegistrationDelegate$BeanPostProcessorChecker- Bean 'myShiroRealm' of type [com.zmh.stuspringbootdemo.config.shiro.MyShiroRealm] is not eligible for getting processed by all BeanPostProcessors (for example: not eligible for auto-proxying)
2019/09/05-10:14 [main] INFO  org.springframework.context.support.PostProcessorRegistrationDelegate$BeanPostProcessorChecker- Bean 'securityManager' of type [org.apache.shiro.web.mgt.DefaultWebSecurityManager] is not eligible for getting processed by all BeanPostProcessors (for example: not eligible for auto-proxying)
2019/09/05-10:14 [main] INFO  org.springframework.context.support.PostProcessorRegistrationDelegate$BeanPostProcessorChecker- Bean 'authorizationAttributeSourceAdvisor' of type [org.apache.shiro.spring.security.interceptor.AuthorizationAttributeSourceAdvisor] is not eligible for getting processed by all BeanPostProcessors (for example: not eligible for auto-proxying)
2019/09/05-10:14 [main] INFO  org.springframework.boot.web.embedded.tomcat.TomcatWebServer- Tomcat initialized with port(s): 8080 (http)
2019/09/05-10:14 [main] INFO  org.apache.catalina.core.StandardService- Starting service [Tomcat]
2019/09/05-10:14 [main] INFO  org.apache.catalina.core.StandardEngine- Starting Servlet engine: [Apache Tomcat/9.0.19]
2019/09/05-10:14 [main] INFO  org.apache.catalina.core.AprLifecycleListener- Loaded APR based Apache Tomcat Native library [1.2.21] using APR version [1.6.5].
2019/09/05-10:14 [main] INFO  org.apache.catalina.core.AprLifecycleListener- APR capabilities: IPv6 [true], sendfile [true], accept filters [false], random [true].
2019/09/05-10:14 [main] INFO  org.apache.catalina.core.AprLifecycleListener- APR/OpenSSL configuration: useAprConnector [false], useOpenSSL [true]
2019/09/05-10:14 [main] INFO  org.apache.catalina.core.AprLifecycleListener- OpenSSL successfully initialized [OpenSSL 1.1.1a  20 Nov 2018]
2019/09/05-10:14 [main] INFO  org.apache.catalina.core.ContainerBase.[Tomcat].[localhost].[/]- Initializing Spring embedded WebApplicationContext
2019/09/05-10:14 [main] INFO  org.springframework.web.context.ContextLoader- Root WebApplicationContext: initialization completed in 2927 ms
2019/09/05-10:14 [main] INFO  com.zmh.stuspringbootdemo.config.jedis.JedisConfig- JedisPool注入成功！
2019/09/05-10:14 [main] INFO  com.zmh.stuspringbootdemo.config.jedis.JedisConfig- redis地址：127.0.0.1:6379
2019/09/05-10:14 [main] INFO  org.springframework.scheduling.concurrent.ThreadPoolTaskExecutor- Initializing ExecutorService 'applicationTaskExecutor'
2019/09/05-10:14 [main] INFO  org.springframework.boot.actuate.endpoint.web.EndpointLinksResolver- Exposing 2 endpoint(s) beneath base path '/actuator'
2019/09/05-10:14 [main] INFO  org.springframework.boot.web.embedded.tomcat.TomcatWebServer- Tomcat started on port(s): 8080 (http) with context path ''
2019/09/05-10:14 [main] INFO  com.zmh.stuspringbootdemo.StuSpringbootDemoApplication- Started StuSpringbootDemoApplication in 4.896 seconds (JVM running for 6.797)
2019/09/05-10:14 [RMI TCP Connection(3)-192.168.213.1] INFO  com.zaxxer.hikari.HikariDataSource- DatebookHikariCP - Starting...
2019/09/05-10:14 [RMI TCP Connection(3)-192.168.213.1] INFO  com.zaxxer.hikari.HikariDataSource- DatebookHikariCP - Start completed.
2019/09/05-10:14 [RMI TCP Connection(5)-192.168.213.1] INFO  org.apache.catalina.core.ContainerBase.[Tomcat].[localhost].[/]- Initializing Spring DispatcherServlet 'dispatcherServlet'
2019/09/05-10:14 [RMI TCP Connection(5)-192.168.213.1] INFO  org.springframework.web.servlet.DispatcherServlet- Initializing Servlet 'dispatcherServlet'
2019/09/05-10:14 [RMI TCP Connection(5)-192.168.213.1] INFO  org.springframework.web.servlet.DispatcherServlet- Completed initialization in 0 ms
2019/09/05-11:22 [main] INFO  com.zmh.stuspringbootdemo.StuSpringbootDemoApplication- Starting StuSpringbootDemoApplication on DESKTOP-5TJ4AHQ with PID 15988 (D:\ideaWorkspace\stu-springboot-demo\target\classes started by Hang in D:\ideaWorkspace\stu-springboot-demo)
2019/09/05-11:22 [main] INFO  com.zmh.stuspringbootdemo.StuSpringbootDemoApplication- No active profile set, falling back to default profiles: default
2019/09/05-11:22 [main] INFO  org.springframework.context.support.PostProcessorRegistrationDelegate$BeanPostProcessorChecker- Bean 'shiroConfiguration' of type [com.zmh.stuspringbootdemo.config.shiro.ShiroConfiguration$$EnhancerBySpringCGLIB$$c1f5977f] is not eligible for getting processed by all BeanPostProcessors (for example: not eligible for auto-proxying)
2019/09/05-11:22 [main] INFO  org.springframework.context.support.PostProcessorRegistrationDelegate$BeanPostProcessorChecker- Bean 'org.springframework.transaction.annotation.ProxyTransactionManagementConfiguration' of type [org.springframework.transaction.annotation.ProxyTransactionManagementConfiguration$$EnhancerBySpringCGLIB$$1b6933ca] is not eligible for getting processed by all BeanPostProcessors (for example: not eligible for auto-proxying)
2019/09/05-11:22 [main] INFO  org.springframework.context.support.PostProcessorRegistrationDelegate$BeanPostProcessorChecker- Bean 'mybatis-org.mybatis.spring.boot.autoconfigure.MybatisProperties' of type [org.mybatis.spring.boot.autoconfigure.MybatisProperties] is not eligible for getting processed by all BeanPostProcessors (for example: not eligible for auto-proxying)
2019/09/05-11:22 [main] INFO  org.springframework.context.support.PostProcessorRegistrationDelegate$BeanPostProcessorChecker- Bean 'org.mybatis.spring.boot.autoconfigure.MybatisAutoConfiguration' of type [org.mybatis.spring.boot.autoconfigure.MybatisAutoConfiguration$$EnhancerBySpringCGLIB$$4e3d84fa] is not eligible for getting processed by all BeanPostProcessors (for example: not eligible for auto-proxying)
2019/09/05-11:22 [main] INFO  org.springframework.context.support.PostProcessorRegistrationDelegate$BeanPostProcessorChecker- Bean 'org.springframework.boot.autoconfigure.jdbc.DataSourceConfiguration$Hikari' of type [org.springframework.boot.autoconfigure.jdbc.DataSourceConfiguration$Hikari$$EnhancerBySpringCGLIB$$5be89db7] is not eligible for getting processed by all BeanPostProcessors (for example: not eligible for auto-proxying)
2019/09/05-11:22 [main] INFO  org.springframework.context.support.PostProcessorRegistrationDelegate$BeanPostProcessorChecker- Bean 'spring.datasource-org.springframework.boot.autoconfigure.jdbc.DataSourceProperties' of type [org.springframework.boot.autoconfigure.jdbc.DataSourceProperties] is not eligible for getting processed by all BeanPostProcessors (for example: not eligible for auto-proxying)
2019/09/05-11:22 [main] INFO  org.springframework.context.support.PostProcessorRegistrationDelegate$BeanPostProcessorChecker- Bean 'dataSource' of type [com.zaxxer.hikari.HikariDataSource] is not eligible for getting processed by all BeanPostProcessors (for example: not eligible for auto-proxying)
2019/09/05-11:22 [main] INFO  org.springframework.context.support.PostProcessorRegistrationDelegate$BeanPostProcessorChecker- Bean 'org.springframework.boot.autoconfigure.jdbc.DataSourceInitializerInvoker' of type [org.springframework.boot.autoconfigure.jdbc.DataSourceInitializerInvoker] is not eligible for getting processed by all BeanPostProcessors (for example: not eligible for auto-proxying)
2019/09/05-11:22 [main] INFO  org.springframework.context.support.PostProcessorRegistrationDelegate$BeanPostProcessorChecker- Bean 'sqlSessionFactory' of type [org.apache.ibatis.session.defaults.DefaultSqlSessionFactory] is not eligible for getting processed by all BeanPostProcessors (for example: not eligible for auto-proxying)
2019/09/05-11:22 [main] INFO  org.springframework.context.support.PostProcessorRegistrationDelegate$BeanPostProcessorChecker- Bean 'sqlSessionTemplate' of type [org.mybatis.spring.SqlSessionTemplate] is not eligible for getting processed by all BeanPostProcessors (for example: not eligible for auto-proxying)
2019/09/05-11:22 [main] INFO  org.springframework.context.support.PostProcessorRegistrationDelegate$BeanPostProcessorChecker- Bean 'userMapper' of type [org.mybatis.spring.mapper.MapperFactoryBean] is not eligible for getting processed by all BeanPostProcessors (for example: not eligible for auto-proxying)
2019/09/05-11:22 [main] INFO  org.springframework.context.support.PostProcessorRegistrationDelegate$BeanPostProcessorChecker- Bean 'userMapper' of type [com.sun.proxy.$Proxy63] is not eligible for getting processed by all BeanPostProcessors (for example: not eligible for auto-proxying)
2019/09/05-11:22 [main] INFO  org.springframework.context.support.PostProcessorRegistrationDelegate$BeanPostProcessorChecker- Bean 'roleMapper' of type [org.mybatis.spring.mapper.MapperFactoryBean] is not eligible for getting processed by all BeanPostProcessors (for example: not eligible for auto-proxying)
2019/09/05-11:22 [main] INFO  org.springframework.context.support.PostProcessorRegistrationDelegate$BeanPostProcessorChecker- Bean 'roleMapper' of type [com.sun.proxy.$Proxy65] is not eligible for getting processed by all BeanPostProcessors (for example: not eligible for auto-proxying)
2019/09/05-11:22 [main] INFO  org.springframework.context.support.PostProcessorRegistrationDelegate$BeanPostProcessorChecker- Bean 'permissionMapper' of type [org.mybatis.spring.mapper.MapperFactoryBean] is not eligible for getting processed by all BeanPostProcessors (for example: not eligible for auto-proxying)
2019/09/05-11:22 [main] INFO  org.springframework.context.support.PostProcessorRegistrationDelegate$BeanPostProcessorChecker- Bean 'permissionMapper' of type [com.sun.proxy.$Proxy67] is not eligible for getting processed by all BeanPostProcessors (for example: not eligible for auto-proxying)
2019/09/05-11:22 [main] INFO  org.springframework.context.support.PostProcessorRegistrationDelegate$BeanPostProcessorChecker- Bean 'userServiceImpl' of type [com.zmh.stuspringbootdemo.service.Impl.UserServiceImpl] is not eligible for getting processed by all BeanPostProcessors (for example: not eligible for auto-proxying)
2019/09/05-11:22 [main] INFO  org.springframework.context.support.PostProcessorRegistrationDelegate$BeanPostProcessorChecker- Bean 'roleServiceImpl' of type [com.zmh.stuspringbootdemo.service.Impl.RoleServiceImpl] is not eligible for getting processed by all BeanPostProcessors (for example: not eligible for auto-proxying)
2019/09/05-11:22 [main] INFO  org.springframework.context.support.PostProcessorRegistrationDelegate$BeanPostProcessorChecker- Bean 'permissionServiceImpl' of type [com.zmh.stuspringbootdemo.service.Impl.PermissionServiceImpl] is not eligible for getting processed by all BeanPostProcessors (for example: not eligible for auto-proxying)
2019/09/05-11:22 [main] INFO  org.springframework.context.support.PostProcessorRegistrationDelegate$BeanPostProcessorChecker- Bean 'myShiroRealm' of type [com.zmh.stuspringbootdemo.config.shiro.MyShiroRealm] is not eligible for getting processed by all BeanPostProcessors (for example: not eligible for auto-proxying)
2019/09/05-11:22 [main] INFO  org.springframework.context.support.PostProcessorRegistrationDelegate$BeanPostProcessorChecker- Bean 'securityManager' of type [org.apache.shiro.web.mgt.DefaultWebSecurityManager] is not eligible for getting processed by all BeanPostProcessors (for example: not eligible for auto-proxying)
2019/09/05-11:22 [main] INFO  org.springframework.context.support.PostProcessorRegistrationDelegate$BeanPostProcessorChecker- Bean 'authorizationAttributeSourceAdvisor' of type [org.apache.shiro.spring.security.interceptor.AuthorizationAttributeSourceAdvisor] is not eligible for getting processed by all BeanPostProcessors (for example: not eligible for auto-proxying)
2019/09/05-11:22 [main] INFO  org.springframework.boot.web.embedded.tomcat.TomcatWebServer- Tomcat initialized with port(s): 8080 (http)
2019/09/05-11:22 [main] INFO  org.apache.catalina.core.StandardService- Starting service [Tomcat]
2019/09/05-11:22 [main] INFO  org.apache.catalina.core.StandardEngine- Starting Servlet engine: [Apache Tomcat/9.0.19]
2019/09/05-11:22 [main] INFO  org.apache.catalina.core.AprLifecycleListener- Loaded APR based Apache Tomcat Native library [1.2.21] using APR version [1.6.5].
2019/09/05-11:22 [main] INFO  org.apache.catalina.core.AprLifecycleListener- APR capabilities: IPv6 [true], sendfile [true], accept filters [false], random [true].
2019/09/05-11:22 [main] INFO  org.apache.catalina.core.AprLifecycleListener- APR/OpenSSL configuration: useAprConnector [false], useOpenSSL [true]
2019/09/05-11:22 [main] INFO  org.apache.catalina.core.AprLifecycleListener- OpenSSL successfully initialized [OpenSSL 1.1.1a  20 Nov 2018]
2019/09/05-11:22 [main] INFO  org.apache.catalina.core.ContainerBase.[Tomcat].[localhost].[/]- Initializing Spring embedded WebApplicationContext
2019/09/05-11:22 [main] INFO  org.springframework.web.context.ContextLoader- Root WebApplicationContext: initialization completed in 2895 ms
2019/09/05-11:22 [main] INFO  com.zmh.stuspringbootdemo.config.jedis.JedisConfig- JedisPool注入成功！
2019/09/05-11:22 [main] INFO  com.zmh.stuspringbootdemo.config.jedis.JedisConfig- redis地址：127.0.0.1:6379
2019/09/05-11:22 [main] INFO  org.springframework.scheduling.concurrent.ThreadPoolTaskExecutor- Initializing ExecutorService 'applicationTaskExecutor'
2019/09/05-11:22 [main] INFO  org.springframework.boot.actuate.endpoint.web.EndpointLinksResolver- Exposing 2 endpoint(s) beneath base path '/actuator'
2019/09/05-11:22 [main] INFO  org.springframework.boot.web.embedded.tomcat.TomcatWebServer- Tomcat started on port(s): 8080 (http) with context path ''
2019/09/05-11:22 [main] INFO  com.zmh.stuspringbootdemo.StuSpringbootDemoApplication- Started StuSpringbootDemoApplication in 4.429 seconds (JVM running for 6.221)
2019/09/05-11:22 [RMI TCP Connection(1)-192.168.213.1] INFO  org.apache.catalina.core.ContainerBase.[Tomcat].[localhost].[/]- Initializing Spring DispatcherServlet 'dispatcherServlet'
2019/09/05-11:22 [RMI TCP Connection(1)-192.168.213.1] INFO  org.springframework.web.servlet.DispatcherServlet- Initializing Servlet 'dispatcherServlet'
2019/09/05-11:22 [RMI TCP Connection(1)-192.168.213.1] INFO  org.springframework.web.servlet.DispatcherServlet- Completed initialization in 12 ms
2019/09/05-11:22 [RMI TCP Connection(3)-192.168.213.1] INFO  com.zaxxer.hikari.HikariDataSource- DatebookHikariCP - Starting...
2019/09/05-11:22 [RMI TCP Connection(3)-192.168.213.1] INFO  com.zaxxer.hikari.HikariDataSource- DatebookHikariCP - Start completed.
2019/09/05-11:29 [main] INFO  com.zmh.stuspringbootdemo.StuSpringbootDemoApplication- Starting StuSpringbootDemoApplication on DESKTOP-5TJ4AHQ with PID 6080 (D:\ideaWorkspace\stu-springboot-demo\target\classes started by Hang in D:\ideaWorkspace\stu-springboot-demo)
2019/09/05-11:29 [main] INFO  com.zmh.stuspringbootdemo.StuSpringbootDemoApplication- No active profile set, falling back to default profiles: default
2019/09/05-11:29 [main] INFO  org.springframework.context.support.PostProcessorRegistrationDelegate$BeanPostProcessorChecker- Bean 'shiroConfiguration' of type [com.zmh.stuspringbootdemo.config.shiro.ShiroConfiguration$$EnhancerBySpringCGLIB$$7e8ec953] is not eligible for getting processed by all BeanPostProcessors (for example: not eligible for auto-proxying)
2019/09/05-11:29 [main] INFO  org.springframework.context.support.PostProcessorRegistrationDelegate$BeanPostProcessorChecker- Bean 'org.springframework.transaction.annotation.ProxyTransactionManagementConfiguration' of type [org.springframework.transaction.annotation.ProxyTransactionManagementConfiguration$$EnhancerBySpringCGLIB$$d802659e] is not eligible for getting processed by all BeanPostProcessors (for example: not eligible for auto-proxying)
2019/09/05-11:29 [main] INFO  org.springframework.context.support.PostProcessorRegistrationDelegate$BeanPostProcessorChecker- Bean 'mybatis-org.mybatis.spring.boot.autoconfigure.MybatisProperties' of type [org.mybatis.spring.boot.autoconfigure.MybatisProperties] is not eligible for getting processed by all BeanPostProcessors (for example: not eligible for auto-proxying)
2019/09/05-11:29 [main] INFO  org.springframework.context.support.PostProcessorRegistrationDelegate$BeanPostProcessorChecker- Bean 'org.mybatis.spring.boot.autoconfigure.MybatisAutoConfiguration' of type [org.mybatis.spring.boot.autoconfigure.MybatisAutoConfiguration$$EnhancerBySpringCGLIB$$ad6b6ce] is not eligible for getting processed by all BeanPostProcessors (for example: not eligible for auto-proxying)
2019/09/05-11:29 [main] INFO  org.springframework.context.support.PostProcessorRegistrationDelegate$BeanPostProcessorChecker- Bean 'org.springframework.boot.autoconfigure.jdbc.DataSourceConfiguration$Hikari' of type [org.springframework.boot.autoconfigure.jdbc.DataSourceConfiguration$Hikari$$EnhancerBySpringCGLIB$$1881cf8b] is not eligible for getting processed by all BeanPostProcessors (for example: not eligible for auto-proxying)
2019/09/05-11:29 [main] INFO  org.springframework.context.support.PostProcessorRegistrationDelegate$BeanPostProcessorChecker- Bean 'spring.datasource-org.springframework.boot.autoconfigure.jdbc.DataSourceProperties' of type [org.springframework.boot.autoconfigure.jdbc.DataSourceProperties] is not eligible for getting processed by all BeanPostProcessors (for example: not eligible for auto-proxying)
2019/09/05-11:29 [main] INFO  org.springframework.context.support.PostProcessorRegistrationDelegate$BeanPostProcessorChecker- Bean 'dataSource' of type [com.zaxxer.hikari.HikariDataSource] is not eligible for getting processed by all BeanPostProcessors (for example: not eligible for auto-proxying)
2019/09/05-11:29 [main] INFO  org.springframework.context.support.PostProcessorRegistrationDelegate$BeanPostProcessorChecker- Bean 'org.springframework.boot.autoconfigure.jdbc.DataSourceInitializerInvoker' of type [org.springframework.boot.autoconfigure.jdbc.DataSourceInitializerInvoker] is not eligible for getting processed by all BeanPostProcessors (for example: not eligible for auto-proxying)
2019/09/05-11:29 [main] INFO  org.springframework.context.support.PostProcessorRegistrationDelegate$BeanPostProcessorChecker- Bean 'sqlSessionFactory' of type [org.apache.ibatis.session.defaults.DefaultSqlSessionFactory] is not eligible for getting processed by all BeanPostProcessors (for example: not eligible for auto-proxying)
2019/09/05-11:29 [main] INFO  org.springframework.context.support.PostProcessorRegistrationDelegate$BeanPostProcessorChecker- Bean 'sqlSessionTemplate' of type [org.mybatis.spring.SqlSessionTemplate] is not eligible for getting processed by all BeanPostProcessors (for example: not eligible for auto-proxying)
2019/09/05-11:29 [main] INFO  org.springframework.context.support.PostProcessorRegistrationDelegate$BeanPostProcessorChecker- Bean 'userMapper' of type [org.mybatis.spring.mapper.MapperFactoryBean] is not eligible for getting processed by all BeanPostProcessors (for example: not eligible for auto-proxying)
2019/09/05-11:29 [main] INFO  org.springframework.context.support.PostProcessorRegistrationDelegate$BeanPostProcessorChecker- Bean 'userMapper' of type [com.sun.proxy.$Proxy63] is not eligible for getting processed by all BeanPostProcessors (for example: not eligible for auto-proxying)
2019/09/05-11:29 [main] INFO  org.springframework.context.support.PostProcessorRegistrationDelegate$BeanPostProcessorChecker- Bean 'roleMapper' of type [org.mybatis.spring.mapper.MapperFactoryBean] is not eligible for getting processed by all BeanPostProcessors (for example: not eligible for auto-proxying)
2019/09/05-11:29 [main] INFO  org.springframework.context.support.PostProcessorRegistrationDelegate$BeanPostProcessorChecker- Bean 'roleMapper' of type [com.sun.proxy.$Proxy65] is not eligible for getting processed by all BeanPostProcessors (for example: not eligible for auto-proxying)
2019/09/05-11:29 [main] INFO  org.springframework.context.support.PostProcessorRegistrationDelegate$BeanPostProcessorChecker- Bean 'permissionMapper' of type [org.mybatis.spring.mapper.MapperFactoryBean] is not eligible for getting processed by all BeanPostProcessors (for example: not eligible for auto-proxying)
2019/09/05-11:29 [main] INFO  org.springframework.context.support.PostProcessorRegistrationDelegate$BeanPostProcessorChecker- Bean 'permissionMapper' of type [com.sun.proxy.$Proxy67] is not eligible for getting processed by all BeanPostProcessors (for example: not eligible for auto-proxying)
2019/09/05-11:29 [main] INFO  org.springframework.context.support.PostProcessorRegistrationDelegate$BeanPostProcessorChecker- Bean 'userServiceImpl' of type [com.zmh.stuspringbootdemo.service.Impl.UserServiceImpl] is not eligible for getting processed by all BeanPostProcessors (for example: not eligible for auto-proxying)
2019/09/05-11:29 [main] INFO  org.springframework.context.support.PostProcessorRegistrationDelegate$BeanPostProcessorChecker- Bean 'roleServiceImpl' of type [com.zmh.stuspringbootdemo.service.Impl.RoleServiceImpl] is not eligible for getting processed by all BeanPostProcessors (for example: not eligible for auto-proxying)
2019/09/05-11:29 [main] INFO  org.springframework.context.support.PostProcessorRegistrationDelegate$BeanPostProcessorChecker- Bean 'permissionServiceImpl' of type [com.zmh.stuspringbootdemo.service.Impl.PermissionServiceImpl] is not eligible for getting processed by all BeanPostProcessors (for example: not eligible for auto-proxying)
2019/09/05-11:29 [main] INFO  org.springframework.context.support.PostProcessorRegistrationDelegate$BeanPostProcessorChecker- Bean 'myShiroRealm' of type [com.zmh.stuspringbootdemo.config.shiro.MyShiroRealm] is not eligible for getting processed by all BeanPostProcessors (for example: not eligible for auto-proxying)
2019/09/05-11:29 [main] INFO  org.springframework.context.support.PostProcessorRegistrationDelegate$BeanPostProcessorChecker- Bean 'securityManager' of type [org.apache.shiro.web.mgt.DefaultWebSecurityManager] is not eligible for getting processed by all BeanPostProcessors (for example: not eligible for auto-proxying)
2019/09/05-11:29 [main] INFO  org.springframework.context.support.PostProcessorRegistrationDelegate$BeanPostProcessorChecker- Bean 'authorizationAttributeSourceAdvisor' of type [org.apache.shiro.spring.security.interceptor.AuthorizationAttributeSourceAdvisor] is not eligible for getting processed by all BeanPostProcessors (for example: not eligible for auto-proxying)
2019/09/05-11:29 [main] INFO  org.springframework.boot.web.embedded.tomcat.TomcatWebServer- Tomcat initialized with port(s): 8080 (http)
2019/09/05-11:29 [main] INFO  org.apache.catalina.core.StandardService- Starting service [Tomcat]
2019/09/05-11:29 [main] INFO  org.apache.catalina.core.StandardEngine- Starting Servlet engine: [Apache Tomcat/9.0.19]
2019/09/05-11:29 [main] INFO  org.apache.catalina.core.AprLifecycleListener- Loaded APR based Apache Tomcat Native library [1.2.21] using APR version [1.6.5].
2019/09/05-11:29 [main] INFO  org.apache.catalina.core.AprLifecycleListener- APR capabilities: IPv6 [true], sendfile [true], accept filters [false], random [true].
2019/09/05-11:29 [main] INFO  org.apache.catalina.core.AprLifecycleListener- APR/OpenSSL configuration: useAprConnector [false], useOpenSSL [true]
2019/09/05-11:29 [main] INFO  org.apache.catalina.core.AprLifecycleListener- OpenSSL successfully initialized [OpenSSL 1.1.1a  20 Nov 2018]
2019/09/05-11:29 [main] INFO  org.apache.catalina.core.ContainerBase.[Tomcat].[localhost].[/]- Initializing Spring embedded WebApplicationContext
2019/09/05-11:29 [main] INFO  org.springframework.web.context.ContextLoader- Root WebApplicationContext: initialization completed in 2818 ms
2019/09/05-11:29 [main] INFO  com.zmh.stuspringbootdemo.config.jedis.JedisConfig- JedisPool注入成功！
2019/09/05-11:29 [main] INFO  com.zmh.stuspringbootdemo.config.jedis.JedisConfig- redis地址：127.0.0.1:6379
2019/09/05-11:29 [main] INFO  org.springframework.scheduling.concurrent.ThreadPoolTaskExecutor- Initializing ExecutorService 'applicationTaskExecutor'
2019/09/05-11:29 [main] INFO  org.springframework.boot.actuate.endpoint.web.EndpointLinksResolver- Exposing 2 endpoint(s) beneath base path '/actuator'
2019/09/05-11:29 [main] INFO  org.springframework.boot.web.embedded.tomcat.TomcatWebServer- Tomcat started on port(s): 8080 (http) with context path ''
2019/09/05-11:29 [main] INFO  com.zmh.stuspringbootdemo.StuSpringbootDemoApplication- Started StuSpringbootDemoApplication in 4.356 seconds (JVM running for 6.027)
2019/09/05-11:29 [RMI TCP Connection(2)-192.168.213.1] INFO  com.zaxxer.hikari.HikariDataSource- DatebookHikariCP - Starting...
2019/09/05-11:29 [RMI TCP Connection(1)-192.168.213.1] INFO  org.apache.catalina.core.ContainerBase.[Tomcat].[localhost].[/]- Initializing Spring DispatcherServlet 'dispatcherServlet'
2019/09/05-11:29 [RMI TCP Connection(1)-192.168.213.1] INFO  org.springframework.web.servlet.DispatcherServlet- Initializing Servlet 'dispatcherServlet'
2019/09/05-11:29 [RMI TCP Connection(1)-192.168.213.1] INFO  org.springframework.web.servlet.DispatcherServlet- Completed initialization in 10 ms
2019/09/05-11:29 [RMI TCP Connection(2)-192.168.213.1] INFO  com.zaxxer.hikari.HikariDataSource- DatebookHikariCP - Start completed.
2019/09/05-11:34 [main] INFO  com.zmh.stuspringbootdemo.StuSpringbootDemoApplication- Starting StuSpringbootDemoApplication on DESKTOP-5TJ4AHQ with PID 2532 (D:\ideaWorkspace\stu-springboot-demo\target\classes started by Hang in D:\ideaWorkspace\stu-springboot-demo)
2019/09/05-11:34 [main] INFO  com.zmh.stuspringbootdemo.StuSpringbootDemoApplication- No active profile set, falling back to default profiles: default
2019/09/05-11:34 [main] INFO  org.springframework.context.support.PostProcessorRegistrationDelegate$BeanPostProcessorChecker- Bean 'shiroConfiguration' of type [com.zmh.stuspringbootdemo.config.shiro.ShiroConfiguration$$EnhancerBySpringCGLIB$$805f65b4] is not eligible for getting processed by all BeanPostProcessors (for example: not eligible for auto-proxying)
2019/09/05-11:34 [main] INFO  org.springframework.context.support.PostProcessorRegistrationDelegate$BeanPostProcessorChecker- Bean 'org.springframework.transaction.annotation.ProxyTransactionManagementConfiguration' of type [org.springframework.transaction.annotation.ProxyTransactionManagementConfiguration$$EnhancerBySpringCGLIB$$d9d301ff] is not eligible for getting processed by all BeanPostProcessors (for example: not eligible for auto-proxying)
2019/09/05-11:34 [main] INFO  org.springframework.context.support.PostProcessorRegistrationDelegate$BeanPostProcessorChecker- Bean 'mybatis-org.mybatis.spring.boot.autoconfigure.MybatisProperties' of type [org.mybatis.spring.boot.autoconfigure.MybatisProperties] is not eligible for getting processed by all BeanPostProcessors (for example: not eligible for auto-proxying)
2019/09/05-11:34 [main] INFO  org.springframework.context.support.PostProcessorRegistrationDelegate$BeanPostProcessorChecker- Bean 'org.mybatis.spring.boot.autoconfigure.MybatisAutoConfiguration' of type [org.mybatis.spring.boot.autoconfigure.MybatisAutoConfiguration$$EnhancerBySpringCGLIB$$ca7532f] is not eligible for getting processed by all BeanPostProcessors (for example: not eligible for auto-proxying)
2019/09/05-11:34 [main] INFO  org.springframework.context.support.PostProcessorRegistrationDelegate$BeanPostProcessorChecker- Bean 'org.springframework.boot.autoconfigure.jdbc.DataSourceConfiguration$Hikari' of type [org.springframework.boot.autoconfigure.jdbc.DataSourceConfiguration$Hikari$$EnhancerBySpringCGLIB$$1a526bec] is not eligible for getting processed by all BeanPostProcessors (for example: not eligible for auto-proxying)
2019/09/05-11:34 [main] INFO  org.springframework.context.support.PostProcessorRegistrationDelegate$BeanPostProcessorChecker- Bean 'spring.datasource-org.springframework.boot.autoconfigure.jdbc.DataSourceProperties' of type [org.springframework.boot.autoconfigure.jdbc.DataSourceProperties] is not eligible for getting processed by all BeanPostProcessors (for example: not eligible for auto-proxying)
2019/09/05-11:34 [main] INFO  org.springframework.context.support.PostProcessorRegistrationDelegate$BeanPostProcessorChecker- Bean 'dataSource' of type [com.zaxxer.hikari.HikariDataSource] is not eligible for getting processed by all BeanPostProcessors (for example: not eligible for auto-proxying)
2019/09/05-11:34 [main] INFO  org.springframework.context.support.PostProcessorRegistrationDelegate$BeanPostProcessorChecker- Bean 'org.springframework.boot.autoconfigure.jdbc.DataSourceInitializerInvoker' of type [org.springframework.boot.autoconfigure.jdbc.DataSourceInitializerInvoker] is not eligible for getting processed by all BeanPostProcessors (for example: not eligible for auto-proxying)
2019/09/05-11:34 [main] INFO  org.springframework.context.support.PostProcessorRegistrationDelegate$BeanPostProcessorChecker- Bean 'sqlSessionFactory' of type [org.apache.ibatis.session.defaults.DefaultSqlSessionFactory] is not eligible for getting processed by all BeanPostProcessors (for example: not eligible for auto-proxying)
2019/09/05-11:34 [main] INFO  org.springframework.context.support.PostProcessorRegistrationDelegate$BeanPostProcessorChecker- Bean 'sqlSessionTemplate' of type [org.mybatis.spring.SqlSessionTemplate] is not eligible for getting processed by all BeanPostProcessors (for example: not eligible for auto-proxying)
2019/09/05-11:34 [main] INFO  org.springframework.context.support.PostProcessorRegistrationDelegate$BeanPostProcessorChecker- Bean 'userMapper' of type [org.mybatis.spring.mapper.MapperFactoryBean] is not eligible for getting processed by all BeanPostProcessors (for example: not eligible for auto-proxying)
2019/09/05-11:34 [main] INFO  org.springframework.context.support.PostProcessorRegistrationDelegate$BeanPostProcessorChecker- Bean 'userMapper' of type [com.sun.proxy.$Proxy63] is not eligible for getting processed by all BeanPostProcessors (for example: not eligible for auto-proxying)
2019/09/05-11:34 [main] INFO  org.springframework.context.support.PostProcessorRegistrationDelegate$BeanPostProcessorChecker- Bean 'roleMapper' of type [org.mybatis.spring.mapper.MapperFactoryBean] is not eligible for getting processed by all BeanPostProcessors (for example: not eligible for auto-proxying)
2019/09/05-11:34 [main] INFO  org.springframework.context.support.PostProcessorRegistrationDelegate$BeanPostProcessorChecker- Bean 'roleMapper' of type [com.sun.proxy.$Proxy65] is not eligible for getting processed by all BeanPostProcessors (for example: not eligible for auto-proxying)
2019/09/05-11:34 [main] INFO  org.springframework.context.support.PostProcessorRegistrationDelegate$BeanPostProcessorChecker- Bean 'permissionMapper' of type [org.mybatis.spring.mapper.MapperFactoryBean] is not eligible for getting processed by all BeanPostProcessors (for example: not eligible for auto-proxying)
2019/09/05-11:34 [main] INFO  org.springframework.context.support.PostProcessorRegistrationDelegate$BeanPostProcessorChecker- Bean 'permissionMapper' of type [com.sun.proxy.$Proxy67] is not eligible for getting processed by all BeanPostProcessors (for example: not eligible for auto-proxying)
2019/09/05-11:34 [main] INFO  org.springframework.context.support.PostProcessorRegistrationDelegate$BeanPostProcessorChecker- Bean 'userServiceImpl' of type [com.zmh.stuspringbootdemo.service.Impl.UserServiceImpl] is not eligible for getting processed by all BeanPostProcessors (for example: not eligible for auto-proxying)
2019/09/05-11:34 [main] INFO  org.springframework.context.support.PostProcessorRegistrationDelegate$BeanPostProcessorChecker- Bean 'roleServiceImpl' of type [com.zmh.stuspringbootdemo.service.Impl.RoleServiceImpl] is not eligible for getting processed by all BeanPostProcessors (for example: not eligible for auto-proxying)
2019/09/05-11:34 [main] INFO  org.springframework.context.support.PostProcessorRegistrationDelegate$BeanPostProcessorChecker- Bean 'permissionServiceImpl' of type [com.zmh.stuspringbootdemo.service.Impl.PermissionServiceImpl] is not eligible for getting processed by all BeanPostProcessors (for example: not eligible for auto-proxying)
2019/09/05-11:34 [main] INFO  org.springframework.context.support.PostProcessorRegistrationDelegate$BeanPostProcessorChecker- Bean 'myShiroRealm' of type [com.zmh.stuspringbootdemo.config.shiro.MyShiroRealm] is not eligible for getting processed by all BeanPostProcessors (for example: not eligible for auto-proxying)
2019/09/05-11:34 [main] INFO  org.springframework.context.support.PostProcessorRegistrationDelegate$BeanPostProcessorChecker- Bean 'securityManager' of type [org.apache.shiro.web.mgt.DefaultWebSecurityManager] is not eligible for getting processed by all BeanPostProcessors (for example: not eligible for auto-proxying)
2019/09/05-11:34 [main] INFO  org.springframework.context.support.PostProcessorRegistrationDelegate$BeanPostProcessorChecker- Bean 'authorizationAttributeSourceAdvisor' of type [org.apache.shiro.spring.security.interceptor.AuthorizationAttributeSourceAdvisor] is not eligible for getting processed by all BeanPostProcessors (for example: not eligible for auto-proxying)
2019/09/05-11:34 [main] INFO  org.springframework.boot.web.embedded.tomcat.TomcatWebServer- Tomcat initialized with port(s): 8080 (http)
2019/09/05-11:34 [main] INFO  org.apache.catalina.core.StandardService- Starting service [Tomcat]
2019/09/05-11:34 [main] INFO  org.apache.catalina.core.StandardEngine- Starting Servlet engine: [Apache Tomcat/9.0.19]
2019/09/05-11:34 [main] INFO  org.apache.catalina.core.AprLifecycleListener- Loaded APR based Apache Tomcat Native library [1.2.21] using APR version [1.6.5].
2019/09/05-11:34 [main] INFO  org.apache.catalina.core.AprLifecycleListener- APR capabilities: IPv6 [true], sendfile [true], accept filters [false], random [true].
2019/09/05-11:34 [main] INFO  org.apache.catalina.core.AprLifecycleListener- APR/OpenSSL configuration: useAprConnector [false], useOpenSSL [true]
2019/09/05-11:34 [main] INFO  org.apache.catalina.core.AprLifecycleListener- OpenSSL successfully initialized [OpenSSL 1.1.1a  20 Nov 2018]
2019/09/05-11:34 [main] INFO  org.apache.catalina.core.ContainerBase.[Tomcat].[localhost].[/]- Initializing Spring embedded WebApplicationContext
2019/09/05-11:34 [main] INFO  org.springframework.web.context.ContextLoader- Root WebApplicationContext: initialization completed in 2928 ms
2019/09/05-11:34 [main] INFO  com.zmh.stuspringbootdemo.config.jedis.JedisConfig- JedisPool注入成功！
2019/09/05-11:34 [main] INFO  com.zmh.stuspringbootdemo.config.jedis.JedisConfig- redis地址：127.0.0.1:6379
2019/09/05-11:34 [main] INFO  org.springframework.scheduling.concurrent.ThreadPoolTaskExecutor- Initializing ExecutorService 'applicationTaskExecutor'
2019/09/05-11:34 [main] INFO  org.springframework.boot.actuate.endpoint.web.EndpointLinksResolver- Exposing 2 endpoint(s) beneath base path '/actuator'
2019/09/05-11:34 [main] INFO  org.springframework.boot.web.embedded.tomcat.TomcatWebServer- Tomcat started on port(s): 8080 (http) with context path ''
2019/09/05-11:34 [main] INFO  com.zmh.stuspringbootdemo.StuSpringbootDemoApplication- Started StuSpringbootDemoApplication in 4.46 seconds (JVM running for 6.007)
2019/09/05-11:34 [RMI TCP Connection(2)-192.168.213.1] INFO  org.apache.catalina.core.ContainerBase.[Tomcat].[localhost].[/]- Initializing Spring DispatcherServlet 'dispatcherServlet'
2019/09/05-11:34 [RMI TCP Connection(2)-192.168.213.1] INFO  org.springframework.web.servlet.DispatcherServlet- Initializing Servlet 'dispatcherServlet'
2019/09/05-11:34 [RMI TCP Connection(1)-192.168.213.1] INFO  com.zaxxer.hikari.HikariDataSource- DatebookHikariCP - Starting...
2019/09/05-11:34 [RMI TCP Connection(2)-192.168.213.1] INFO  org.springframework.web.servlet.DispatcherServlet- Completed initialization in 12 ms
2019/09/05-11:34 [RMI TCP Connection(1)-192.168.213.1] INFO  com.zaxxer.hikari.HikariDataSource- DatebookHikariCP - Start completed.
2019/09/05-14:08 [main] INFO  com.zmh.stuspringbootdemo.StuSpringbootDemoApplication- Starting StuSpringbootDemoApplication on DESKTOP-5TJ4AHQ with PID 13416 (D:\ideaWorkspace\stu-springboot-demo\target\classes started by Hang in D:\ideaWorkspace\stu-springboot-demo)
2019/09/05-14:08 [main] INFO  com.zmh.stuspringbootdemo.StuSpringbootDemoApplication- No active profile set, falling back to default profiles: default
2019/09/05-14:08 [main] INFO  org.springframework.context.support.PostProcessorRegistrationDelegate$BeanPostProcessorChecker- Bean 'shiroConfiguration' of type [com.zmh.stuspringbootdemo.config.shiro.ShiroConfiguration$$EnhancerBySpringCGLIB$$d513feef] is not eligible for getting processed by all BeanPostProcessors (for example: not eligible for auto-proxying)
2019/09/05-14:08 [main] INFO  org.springframework.context.support.PostProcessorRegistrationDelegate$BeanPostProcessorChecker- Bean 'org.springframework.transaction.annotation.ProxyTransactionManagementConfiguration' of type [org.springframework.transaction.annotation.ProxyTransactionManagementConfiguration$$EnhancerBySpringCGLIB$$2e879b3a] is not eligible for getting processed by all BeanPostProcessors (for example: not eligible for auto-proxying)
2019/09/05-14:08 [main] INFO  org.springframework.context.support.PostProcessorRegistrationDelegate$BeanPostProcessorChecker- Bean 'mybatis-org.mybatis.spring.boot.autoconfigure.MybatisProperties' of type [org.mybatis.spring.boot.autoconfigure.MybatisProperties] is not eligible for getting processed by all BeanPostProcessors (for example: not eligible for auto-proxying)
2019/09/05-14:08 [main] INFO  org.springframework.context.support.PostProcessorRegistrationDelegate$BeanPostProcessorChecker- Bean 'org.mybatis.spring.boot.autoconfigure.MybatisAutoConfiguration' of type [org.mybatis.spring.boot.autoconfigure.MybatisAutoConfiguration$$EnhancerBySpringCGLIB$$615bec6a] is not eligible for getting processed by all BeanPostProcessors (for example: not eligible for auto-proxying)
2019/09/05-14:08 [main] INFO  org.springframework.context.support.PostProcessorRegistrationDelegate$BeanPostProcessorChecker- Bean 'org.springframework.boot.autoconfigure.jdbc.DataSourceConfiguration$Hikari' of type [org.springframework.boot.autoconfigure.jdbc.DataSourceConfiguration$Hikari$$EnhancerBySpringCGLIB$$6f070527] is not eligible for getting processed by all BeanPostProcessors (for example: not eligible for auto-proxying)
2019/09/05-14:08 [main] INFO  org.springframework.context.support.PostProcessorRegistrationDelegate$BeanPostProcessorChecker- Bean 'spring.datasource-org.springframework.boot.autoconfigure.jdbc.DataSourceProperties' of type [org.springframework.boot.autoconfigure.jdbc.DataSourceProperties] is not eligible for getting processed by all BeanPostProcessors (for example: not eligible for auto-proxying)
2019/09/05-14:08 [main] INFO  org.springframework.context.support.PostProcessorRegistrationDelegate$BeanPostProcessorChecker- Bean 'dataSource' of type [com.zaxxer.hikari.HikariDataSource] is not eligible for getting processed by all BeanPostProcessors (for example: not eligible for auto-proxying)
2019/09/05-14:08 [main] INFO  org.springframework.context.support.PostProcessorRegistrationDelegate$BeanPostProcessorChecker- Bean 'org.springframework.boot.autoconfigure.jdbc.DataSourceInitializerInvoker' of type [org.springframework.boot.autoconfigure.jdbc.DataSourceInitializerInvoker] is not eligible for getting processed by all BeanPostProcessors (for example: not eligible for auto-proxying)
2019/09/05-14:08 [main] INFO  org.springframework.context.support.PostProcessorRegistrationDelegate$BeanPostProcessorChecker- Bean 'sqlSessionFactory' of type [org.apache.ibatis.session.defaults.DefaultSqlSessionFactory] is not eligible for getting processed by all BeanPostProcessors (for example: not eligible for auto-proxying)
2019/09/05-14:08 [main] INFO  org.springframework.context.support.PostProcessorRegistrationDelegate$BeanPostProcessorChecker- Bean 'sqlSessionTemplate' of type [org.mybatis.spring.SqlSessionTemplate] is not eligible for getting processed by all BeanPostProcessors (for example: not eligible for auto-proxying)
2019/09/05-14:08 [main] INFO  org.springframework.context.support.PostProcessorRegistrationDelegate$BeanPostProcessorChecker- Bean 'userMapper' of type [org.mybatis.spring.mapper.MapperFactoryBean] is not eligible for getting processed by all BeanPostProcessors (for example: not eligible for auto-proxying)
2019/09/05-14:08 [main] INFO  org.springframework.context.support.PostProcessorRegistrationDelegate$BeanPostProcessorChecker- Bean 'userMapper' of type [com.sun.proxy.$Proxy63] is not eligible for getting processed by all BeanPostProcessors (for example: not eligible for auto-proxying)
2019/09/05-14:08 [main] INFO  org.springframework.context.support.PostProcessorRegistrationDelegate$BeanPostProcessorChecker- Bean 'roleMapper' of type [org.mybatis.spring.mapper.MapperFactoryBean] is not eligible for getting processed by all BeanPostProcessors (for example: not eligible for auto-proxying)
2019/09/05-14:08 [main] INFO  org.springframework.context.support.PostProcessorRegistrationDelegate$BeanPostProcessorChecker- Bean 'roleMapper' of type [com.sun.proxy.$Proxy65] is not eligible for getting processed by all BeanPostProcessors (for example: not eligible for auto-proxying)
2019/09/05-14:08 [main] INFO  org.springframework.context.support.PostProcessorRegistrationDelegate$BeanPostProcessorChecker- Bean 'permissionMapper' of type [org.mybatis.spring.mapper.MapperFactoryBean] is not eligible for getting processed by all BeanPostProcessors (for example: not eligible for auto-proxying)
2019/09/05-14:08 [main] INFO  org.springframework.context.support.PostProcessorRegistrationDelegate$BeanPostProcessorChecker- Bean 'permissionMapper' of type [com.sun.proxy.$Proxy67] is not eligible for getting processed by all BeanPostProcessors (for example: not eligible for auto-proxying)
2019/09/05-14:08 [main] INFO  org.springframework.context.support.PostProcessorRegistrationDelegate$BeanPostProcessorChecker- Bean 'userServiceImpl' of type [com.zmh.stuspringbootdemo.service.Impl.UserServiceImpl] is not eligible for getting processed by all BeanPostProcessors (for example: not eligible for auto-proxying)
2019/09/05-14:08 [main] INFO  org.springframework.context.support.PostProcessorRegistrationDelegate$BeanPostProcessorChecker- Bean 'roleServiceImpl' of type [com.zmh.stuspringbootdemo.service.Impl.RoleServiceImpl] is not eligible for getting processed by all BeanPostProcessors (for example: not eligible for auto-proxying)
2019/09/05-14:08 [main] INFO  org.springframework.context.support.PostProcessorRegistrationDelegate$BeanPostProcessorChecker- Bean 'permissionServiceImpl' of type [com.zmh.stuspringbootdemo.service.Impl.PermissionServiceImpl] is not eligible for getting processed by all BeanPostProcessors (for example: not eligible for auto-proxying)
2019/09/05-14:08 [main] INFO  org.springframework.context.support.PostProcessorRegistrationDelegate$BeanPostProcessorChecker- Bean 'myShiroRealm' of type [com.zmh.stuspringbootdemo.config.shiro.MyShiroRealm] is not eligible for getting processed by all BeanPostProcessors (for example: not eligible for auto-proxying)
2019/09/05-14:08 [main] INFO  org.springframework.context.support.PostProcessorRegistrationDelegate$BeanPostProcessorChecker- Bean 'securityManager' of type [org.apache.shiro.web.mgt.DefaultWebSecurityManager] is not eligible for getting processed by all BeanPostProcessors (for example: not eligible for auto-proxying)
2019/09/05-14:08 [main] INFO  org.springframework.context.support.PostProcessorRegistrationDelegate$BeanPostProcessorChecker- Bean 'authorizationAttributeSourceAdvisor' of type [org.apache.shiro.spring.security.interceptor.AuthorizationAttributeSourceAdvisor] is not eligible for getting processed by all BeanPostProcessors (for example: not eligible for auto-proxying)
2019/09/05-14:08 [main] INFO  org.springframework.boot.web.embedded.tomcat.TomcatWebServer- Tomcat initialized with port(s): 8080 (http)
2019/09/05-14:08 [main] INFO  org.apache.catalina.core.StandardService- Starting service [Tomcat]
2019/09/05-14:08 [main] INFO  org.apache.catalina.core.StandardEngine- Starting Servlet engine: [Apache Tomcat/9.0.19]
2019/09/05-14:08 [main] INFO  org.apache.catalina.core.AprLifecycleListener- Loaded APR based Apache Tomcat Native library [1.2.21] using APR version [1.6.5].
2019/09/05-14:08 [main] INFO  org.apache.catalina.core.AprLifecycleListener- APR capabilities: IPv6 [true], sendfile [true], accept filters [false], random [true].
2019/09/05-14:08 [main] INFO  org.apache.catalina.core.AprLifecycleListener- APR/OpenSSL configuration: useAprConnector [false], useOpenSSL [true]
2019/09/05-14:08 [main] INFO  org.apache.catalina.core.AprLifecycleListener- OpenSSL successfully initialized [OpenSSL 1.1.1a  20 Nov 2018]
2019/09/05-14:08 [main] INFO  org.apache.catalina.core.ContainerBase.[Tomcat].[localhost].[/]- Initializing Spring embedded WebApplicationContext
2019/09/05-14:08 [main] INFO  org.springframework.web.context.ContextLoader- Root WebApplicationContext: initialization completed in 2884 ms
2019/09/05-14:08 [main] INFO  com.zmh.stuspringbootdemo.config.jedis.JedisConfig- JedisPool注入成功！
2019/09/05-14:08 [main] INFO  com.zmh.stuspringbootdemo.config.jedis.JedisConfig- redis地址：127.0.0.1:6379
2019/09/05-14:08 [main] INFO  org.springframework.scheduling.concurrent.ThreadPoolTaskExecutor- Initializing ExecutorService 'applicationTaskExecutor'
2019/09/05-14:08 [main] INFO  org.springframework.boot.actuate.endpoint.web.EndpointLinksResolver- Exposing 2 endpoint(s) beneath base path '/actuator'
2019/09/05-14:08 [main] INFO  org.springframework.boot.web.embedded.tomcat.TomcatWebServer- Tomcat started on port(s): 8080 (http) with context path ''
2019/09/05-14:08 [main] INFO  com.zmh.stuspringbootdemo.StuSpringbootDemoApplication- Started StuSpringbootDemoApplication in 4.551 seconds (JVM running for 6.05)
2019/09/05-14:08 [RMI TCP Connection(3)-192.168.213.1] INFO  com.zaxxer.hikari.HikariDataSource- DatebookHikariCP - Starting...
2019/09/05-14:08 [RMI TCP Connection(2)-192.168.213.1] INFO  org.apache.catalina.core.ContainerBase.[Tomcat].[localhost].[/]- Initializing Spring DispatcherServlet 'dispatcherServlet'
2019/09/05-14:08 [RMI TCP Connection(2)-192.168.213.1] INFO  org.springframework.web.servlet.DispatcherServlet- Initializing Servlet 'dispatcherServlet'
2019/09/05-14:08 [RMI TCP Connection(2)-192.168.213.1] INFO  org.springframework.web.servlet.DispatcherServlet- Completed initialization in 12 ms
2019/09/05-14:08 [RMI TCP Connection(3)-192.168.213.1] INFO  com.zaxxer.hikari.HikariDataSource- DatebookHikariCP - Start completed.
2019/09/05-14:14 [http-nio-8080-exec-10] ERROR org.apache.catalina.core.ContainerBase.[Tomcat].[localhost].[/].[dispatcherServlet]- Servlet.service() for servlet [dispatcherServlet] in context with path [] threw exception [Request processing failed; nested exception is org.apache.shiro.authz.UnauthorizedException: Subject does not have permission [create]] with root cause
org.apache.shiro.authz.AuthorizationException: Not authorized to invoke method: public java.lang.Object com.zmh.stuspringbootdemo.controller.ShiroController.testAuthorityPermission()
	at org.apache.shiro.authz.aop.AuthorizingAnnotationMethodInterceptor.assertAuthorized(AuthorizingAnnotationMethodInterceptor.java:90)
	at org.apache.shiro.authz.aop.AnnotationsAuthorizingMethodInterceptor.assertAuthorized(AnnotationsAuthorizingMethodInterceptor.java:100)
	at org.apache.shiro.authz.aop.AuthorizingMethodInterceptor.invoke(AuthorizingMethodInterceptor.java:38)
	at org.apache.shiro.spring.security.interceptor.AopAllianceAnnotationsAuthorizingMethodInterceptor.invoke(AopAllianceAnnotationsAuthorizingMethodInterceptor.java:115)
	at org.springframework.aop.framework.ReflectiveMethodInvocation.proceed(ReflectiveMethodInvocation.java:186)
	at org.springframework.aop.framework.CglibAopProxy$DynamicAdvisedInterceptor.intercept(CglibAopProxy.java:688)
	at com.zmh.stuspringbootdemo.controller.ShiroController$$EnhancerBySpringCGLIB$$3671614a.testAuthorityPermission(<generated>)
	at sun.reflect.NativeMethodAccessorImpl.invoke0(Native Method)
	at sun.reflect.NativeMethodAccessorImpl.invoke(NativeMethodAccessorImpl.java:62)
	at sun.reflect.DelegatingMethodAccessorImpl.invoke(DelegatingMethodAccessorImpl.java:43)
	at java.lang.reflect.Method.invoke(Method.java:498)
	at org.springframework.web.method.support.InvocableHandlerMethod.doInvoke(InvocableHandlerMethod.java:190)
	at org.springframework.web.method.support.InvocableHandlerMethod.invokeForRequest(InvocableHandlerMethod.java:138)
	at org.springframework.web.servlet.mvc.method.annotation.ServletInvocableHandlerMethod.invokeAndHandle(ServletInvocableHandlerMethod.java:104)
	at org.springframework.web.servlet.mvc.method.annotation.RequestMappingHandlerAdapter.invokeHandlerMethod(RequestMappingHandlerAdapter.java:892)
	at org.springframework.web.servlet.mvc.method.annotation.RequestMappingHandlerAdapter.handleInternal(RequestMappingHandlerAdapter.java:797)
	at org.springframework.web.servlet.mvc.method.AbstractHandlerMethodAdapter.handle(AbstractHandlerMethodAdapter.java:87)
	at org.springframework.web.servlet.DispatcherServlet.doDispatch(DispatcherServlet.java:1039)
	at org.springframework.web.servlet.DispatcherServlet.doService(DispatcherServlet.java:942)
	at org.springframework.web.servlet.FrameworkServlet.processRequest(FrameworkServlet.java:1005)
	at org.springframework.web.servlet.FrameworkServlet.doGet(FrameworkServlet.java:897)
	at javax.servlet.http.HttpServlet.service(HttpServlet.java:634)
	at org.springframework.web.servlet.FrameworkServlet.service(FrameworkServlet.java:882)
	at javax.servlet.http.HttpServlet.service(HttpServlet.java:741)
	at org.apache.catalina.core.ApplicationFilterChain.internalDoFilter(ApplicationFilterChain.java:231)
	at org.apache.catalina.core.ApplicationFilterChain.doFilter(ApplicationFilterChain.java:166)
	at org.apache.tomcat.websocket.server.WsFilter.doFilter(WsFilter.java:53)
	at org.apache.catalina.core.ApplicationFilterChain.internalDoFilter(ApplicationFilterChain.java:193)
	at org.apache.catalina.core.ApplicationFilterChain.doFilter(ApplicationFilterChain.java:166)
	at org.apache.shiro.web.servlet.ProxiedFilterChain.doFilter(ProxiedFilterChain.java:61)
	at org.apache.shiro.web.servlet.AdviceFilter.executeChain(AdviceFilter.java:108)
	at org.apache.shiro.web.servlet.AdviceFilter.doFilterInternal(AdviceFilter.java:137)
	at org.apache.shiro.web.servlet.OncePerRequestFilter.doFilter(OncePerRequestFilter.java:125)
	at org.apache.shiro.web.servlet.ProxiedFilterChain.doFilter(ProxiedFilterChain.java:66)
	at org.apache.shiro.web.servlet.AbstractShiroFilter.executeChain(AbstractShiroFilter.java:449)
	at org.apache.shiro.web.servlet.AbstractShiroFilter$1.call(AbstractShiroFilter.java:365)
	at org.apache.shiro.subject.support.SubjectCallable.doCall(SubjectCallable.java:90)
	at org.apache.shiro.subject.support.SubjectCallable.call(SubjectCallable.java:83)
	at org.apache.shiro.subject.support.DelegatingSubject.execute(DelegatingSubject.java:387)
	at org.apache.shiro.web.servlet.AbstractShiroFilter.doFilterInternal(AbstractShiroFilter.java:362)
	at org.apache.shiro.web.servlet.OncePerRequestFilter.doFilter(OncePerRequestFilter.java:125)
	at org.apache.catalina.core.ApplicationFilterChain.internalDoFilter(ApplicationFilterChain.java:193)
	at org.apache.catalina.core.ApplicationFilterChain.doFilter(ApplicationFilterChain.java:166)
	at org.springframework.boot.actuate.web.trace.servlet.HttpTraceFilter.doFilterInternal(HttpTraceFilter.java:90)
	at org.springframework.web.filter.OncePerRequestFilter.doFilter(OncePerRequestFilter.java:107)
	at org.apache.catalina.core.ApplicationFilterChain.internalDoFilter(ApplicationFilterChain.java:193)
	at org.apache.catalina.core.ApplicationFilterChain.doFilter(ApplicationFilterChain.java:166)
	at org.springframework.web.filter.RequestContextFilter.doFilterInternal(RequestContextFilter.java:99)
	at org.springframework.web.filter.OncePerRequestFilter.doFilter(OncePerRequestFilter.java:107)
	at org.apache.catalina.core.ApplicationFilterChain.internalDoFilter(ApplicationFilterChain.java:193)
	at org.apache.catalina.core.ApplicationFilterChain.doFilter(ApplicationFilterChain.java:166)
	at org.springframework.web.filter.FormContentFilter.doFilterInternal(FormContentFilter.java:92)
	at org.springframework.web.filter.OncePerRequestFilter.doFilter(OncePerRequestFilter.java:107)
	at org.apache.catalina.core.ApplicationFilterChain.internalDoFilter(ApplicationFilterChain.java:193)
	at org.apache.catalina.core.ApplicationFilterChain.doFilter(ApplicationFilterChain.java:166)
	at org.springframework.web.filter.HiddenHttpMethodFilter.doFilterInternal(HiddenHttpMethodFilter.java:93)
	at org.springframework.web.filter.OncePerRequestFilter.doFilter(OncePerRequestFilter.java:107)
	at org.apache.catalina.core.ApplicationFilterChain.internalDoFilter(ApplicationFilterChain.java:193)
	at org.apache.catalina.core.ApplicationFilterChain.doFilter(ApplicationFilterChain.java:166)
	at org.springframework.boot.actuate.metrics.web.servlet.WebMvcMetricsFilter.filterAndRecordMetrics(WebMvcMetricsFilter.java:117)
	at org.springframework.boot.actuate.metrics.web.servlet.WebMvcMetricsFilter.doFilterInternal(WebMvcMetricsFilter.java:106)
	at org.springframework.web.filter.OncePerRequestFilter.doFilter(OncePerRequestFilter.java:107)
	at org.apache.catalina.core.ApplicationFilterChain.internalDoFilter(ApplicationFilterChain.java:193)
	at org.apache.catalina.core.ApplicationFilterChain.doFilter(ApplicationFilterChain.java:166)
	at org.springframework.web.filter.CharacterEncodingFilter.doFilterInternal(CharacterEncodingFilter.java:200)
	at org.springframework.web.filter.OncePerRequestFilter.doFilter(OncePerRequestFilter.java:107)
	at org.apache.catalina.core.ApplicationFilterChain.internalDoFilter(ApplicationFilterChain.java:193)
	at org.apache.catalina.core.ApplicationFilterChain.doFilter(ApplicationFilterChain.java:166)
	at org.apache.catalina.core.StandardWrapperValve.invoke(StandardWrapperValve.java:200)
	at org.apache.catalina.core.StandardContextValve.invoke(StandardContextValve.java:96)
	at org.apache.catalina.authenticator.AuthenticatorBase.invoke(AuthenticatorBase.java:490)
	at org.apache.catalina.core.StandardHostValve.invoke(StandardHostValve.java:139)
	at org.apache.catalina.valves.ErrorReportValve.invoke(ErrorReportValve.java:92)
	at org.apache.catalina.core.StandardEngineValve.invoke(StandardEngineValve.java:74)
	at org.apache.catalina.connector.CoyoteAdapter.service(CoyoteAdapter.java:343)
	at org.apache.coyote.http11.Http11Processor.service(Http11Processor.java:408)
	at org.apache.coyote.AbstractProcessorLight.process(AbstractProcessorLight.java:66)
	at org.apache.coyote.AbstractProtocol$ConnectionHandler.process(AbstractProtocol.java:836)
	at org.apache.tomcat.util.net.NioEndpoint$SocketProcessor.doRun(NioEndpoint.java:1747)
	at org.apache.tomcat.util.net.SocketProcessorBase.run(SocketProcessorBase.java:49)
	at java.util.concurrent.ThreadPoolExecutor.runWorker(ThreadPoolExecutor.java:1149)
	at java.util.concurrent.ThreadPoolExecutor$Worker.run(ThreadPoolExecutor.java:624)
	at org.apache.tomcat.util.threads.TaskThread$WrappingRunnable.run(TaskThread.java:61)
	at java.lang.Thread.run(Thread.java:748)
2019/09/05-14:18 [main] INFO  com.zmh.stuspringbootdemo.StuSpringbootDemoApplication- Starting StuSpringbootDemoApplication on DESKTOP-5TJ4AHQ with PID 8096 (D:\ideaWorkspace\stu-springboot-demo\target\classes started by Hang in D:\ideaWorkspace\stu-springboot-demo)
2019/09/05-14:18 [main] INFO  com.zmh.stuspringbootdemo.StuSpringbootDemoApplication- No active profile set, falling back to default profiles: default
2019/09/05-14:18 [main] INFO  org.springframework.context.support.PostProcessorRegistrationDelegate$BeanPostProcessorChecker- Bean 'shiroConfiguration' of type [com.zmh.stuspringbootdemo.config.shiro.ShiroConfiguration$$EnhancerBySpringCGLIB$$44502602] is not eligible for getting processed by all BeanPostProcessors (for example: not eligible for auto-proxying)
2019/09/05-14:18 [main] INFO  org.springframework.context.support.PostProcessorRegistrationDelegate$BeanPostProcessorChecker- Bean 'org.springframework.transaction.annotation.ProxyTransactionManagementConfiguration' of type [org.springframework.transaction.annotation.ProxyTransactionManagementConfiguration$$EnhancerBySpringCGLIB$$9dc3c24d] is not eligible for getting processed by all BeanPostProcessors (for example: not eligible for auto-proxying)
2019/09/05-14:18 [main] INFO  org.springframework.context.support.PostProcessorRegistrationDelegate$BeanPostProcessorChecker- Bean 'mybatis-org.mybatis.spring.boot.autoconfigure.MybatisProperties' of type [org.mybatis.spring.boot.autoconfigure.MybatisProperties] is not eligible for getting processed by all BeanPostProcessors (for example: not eligible for auto-proxying)
2019/09/05-14:18 [main] INFO  org.springframework.context.support.PostProcessorRegistrationDelegate$BeanPostProcessorChecker- Bean 'org.mybatis.spring.boot.autoconfigure.MybatisAutoConfiguration' of type [org.mybatis.spring.boot.autoconfigure.MybatisAutoConfiguration$$EnhancerBySpringCGLIB$$d098137d] is not eligible for getting processed by all BeanPostProcessors (for example: not eligible for auto-proxying)
2019/09/05-14:18 [main] INFO  org.springframework.context.support.PostProcessorRegistrationDelegate$BeanPostProcessorChecker- Bean 'org.springframework.boot.autoconfigure.jdbc.DataSourceConfiguration$Hikari' of type [org.springframework.boot.autoconfigure.jdbc.DataSourceConfiguration$Hikari$$EnhancerBySpringCGLIB$$de432c3a] is not eligible for getting processed by all BeanPostProcessors (for example: not eligible for auto-proxying)
2019/09/05-14:18 [main] INFO  org.springframework.context.support.PostProcessorRegistrationDelegate$BeanPostProcessorChecker- Bean 'spring.datasource-org.springframework.boot.autoconfigure.jdbc.DataSourceProperties' of type [org.springframework.boot.autoconfigure.jdbc.DataSourceProperties] is not eligible for getting processed by all BeanPostProcessors (for example: not eligible for auto-proxying)
2019/09/05-14:18 [main] INFO  org.springframework.context.support.PostProcessorRegistrationDelegate$BeanPostProcessorChecker- Bean 'dataSource' of type [com.zaxxer.hikari.HikariDataSource] is not eligible for getting processed by all BeanPostProcessors (for example: not eligible for auto-proxying)
2019/09/05-14:18 [main] INFO  org.springframework.context.support.PostProcessorRegistrationDelegate$BeanPostProcessorChecker- Bean 'org.springframework.boot.autoconfigure.jdbc.DataSourceInitializerInvoker' of type [org.springframework.boot.autoconfigure.jdbc.DataSourceInitializerInvoker] is not eligible for getting processed by all BeanPostProcessors (for example: not eligible for auto-proxying)
2019/09/05-14:18 [main] INFO  org.springframework.context.support.PostProcessorRegistrationDelegate$BeanPostProcessorChecker- Bean 'sqlSessionFactory' of type [org.apache.ibatis.session.defaults.DefaultSqlSessionFactory] is not eligible for getting processed by all BeanPostProcessors (for example: not eligible for auto-proxying)
2019/09/05-14:18 [main] INFO  org.springframework.context.support.PostProcessorRegistrationDelegate$BeanPostProcessorChecker- Bean 'sqlSessionTemplate' of type [org.mybatis.spring.SqlSessionTemplate] is not eligible for getting processed by all BeanPostProcessors (for example: not eligible for auto-proxying)
2019/09/05-14:18 [main] INFO  org.springframework.context.support.PostProcessorRegistrationDelegate$BeanPostProcessorChecker- Bean 'userMapper' of type [org.mybatis.spring.mapper.MapperFactoryBean] is not eligible for getting processed by all BeanPostProcessors (for example: not eligible for auto-proxying)
2019/09/05-14:18 [main] INFO  org.springframework.context.support.PostProcessorRegistrationDelegate$BeanPostProcessorChecker- Bean 'userMapper' of type [com.sun.proxy.$Proxy63] is not eligible for getting processed by all BeanPostProcessors (for example: not eligible for auto-proxying)
2019/09/05-14:18 [main] INFO  org.springframework.context.support.PostProcessorRegistrationDelegate$BeanPostProcessorChecker- Bean 'roleMapper' of type [org.mybatis.spring.mapper.MapperFactoryBean] is not eligible for getting processed by all BeanPostProcessors (for example: not eligible for auto-proxying)
2019/09/05-14:18 [main] INFO  org.springframework.context.support.PostProcessorRegistrationDelegate$BeanPostProcessorChecker- Bean 'roleMapper' of type [com.sun.proxy.$Proxy65] is not eligible for getting processed by all BeanPostProcessors (for example: not eligible for auto-proxying)
2019/09/05-14:18 [main] INFO  org.springframework.context.support.PostProcessorRegistrationDelegate$BeanPostProcessorChecker- Bean 'permissionMapper' of type [org.mybatis.spring.mapper.MapperFactoryBean] is not eligible for getting processed by all BeanPostProcessors (for example: not eligible for auto-proxying)
2019/09/05-14:18 [main] INFO  org.springframework.context.support.PostProcessorRegistrationDelegate$BeanPostProcessorChecker- Bean 'permissionMapper' of type [com.sun.proxy.$Proxy67] is not eligible for getting processed by all BeanPostProcessors (for example: not eligible for auto-proxying)
2019/09/05-14:18 [main] INFO  org.springframework.context.support.PostProcessorRegistrationDelegate$BeanPostProcessorChecker- Bean 'userServiceImpl' of type [com.zmh.stuspringbootdemo.service.Impl.UserServiceImpl] is not eligible for getting processed by all BeanPostProcessors (for example: not eligible for auto-proxying)
2019/09/05-14:18 [main] INFO  org.springframework.context.support.PostProcessorRegistrationDelegate$BeanPostProcessorChecker- Bean 'roleServiceImpl' of type [com.zmh.stuspringbootdemo.service.Impl.RoleServiceImpl] is not eligible for getting processed by all BeanPostProcessors (for example: not eligible for auto-proxying)
2019/09/05-14:18 [main] INFO  org.springframework.context.support.PostProcessorRegistrationDelegate$BeanPostProcessorChecker- Bean 'permissionServiceImpl' of type [com.zmh.stuspringbootdemo.service.Impl.PermissionServiceImpl] is not eligible for getting processed by all BeanPostProcessors (for example: not eligible for auto-proxying)
2019/09/05-14:18 [main] INFO  org.springframework.context.support.PostProcessorRegistrationDelegate$BeanPostProcessorChecker- Bean 'myShiroRealm' of type [com.zmh.stuspringbootdemo.config.shiro.MyShiroRealm] is not eligible for getting processed by all BeanPostProcessors (for example: not eligible for auto-proxying)
2019/09/05-14:18 [main] INFO  org.springframework.context.support.PostProcessorRegistrationDelegate$BeanPostProcessorChecker- Bean 'securityManager' of type [org.apache.shiro.web.mgt.DefaultWebSecurityManager] is not eligible for getting processed by all BeanPostProcessors (for example: not eligible for auto-proxying)
2019/09/05-14:18 [main] INFO  org.springframework.context.support.PostProcessorRegistrationDelegate$BeanPostProcessorChecker- Bean 'authorizationAttributeSourceAdvisor' of type [org.apache.shiro.spring.security.interceptor.AuthorizationAttributeSourceAdvisor] is not eligible for getting processed by all BeanPostProcessors (for example: not eligible for auto-proxying)
2019/09/05-14:18 [main] INFO  org.springframework.boot.web.embedded.tomcat.TomcatWebServer- Tomcat initialized with port(s): 8080 (http)
2019/09/05-14:18 [main] INFO  org.apache.catalina.core.StandardService- Starting service [Tomcat]
2019/09/05-14:18 [main] INFO  org.apache.catalina.core.StandardEngine- Starting Servlet engine: [Apache Tomcat/9.0.19]
2019/09/05-14:18 [main] INFO  org.apache.catalina.core.AprLifecycleListener- Loaded APR based Apache Tomcat Native library [1.2.21] using APR version [1.6.5].
2019/09/05-14:18 [main] INFO  org.apache.catalina.core.AprLifecycleListener- APR capabilities: IPv6 [true], sendfile [true], accept filters [false], random [true].
2019/09/05-14:18 [main] INFO  org.apache.catalina.core.AprLifecycleListener- APR/OpenSSL configuration: useAprConnector [false], useOpenSSL [true]
2019/09/05-14:18 [main] INFO  org.apache.catalina.core.AprLifecycleListener- OpenSSL successfully initialized [OpenSSL 1.1.1a  20 Nov 2018]
2019/09/05-14:18 [main] INFO  org.apache.catalina.core.ContainerBase.[Tomcat].[localhost].[/]- Initializing Spring embedded WebApplicationContext
2019/09/05-14:18 [main] INFO  org.springframework.web.context.ContextLoader- Root WebApplicationContext: initialization completed in 3005 ms
2019/09/05-14:18 [main] INFO  com.zmh.stuspringbootdemo.config.jedis.JedisConfig- JedisPool注入成功！
2019/09/05-14:18 [main] INFO  com.zmh.stuspringbootdemo.config.jedis.JedisConfig- redis地址：127.0.0.1:6379
2019/09/05-14:18 [main] INFO  org.springframework.scheduling.concurrent.ThreadPoolTaskExecutor- Initializing ExecutorService 'applicationTaskExecutor'
2019/09/05-14:18 [main] INFO  org.springframework.boot.actuate.endpoint.web.EndpointLinksResolver- Exposing 2 endpoint(s) beneath base path '/actuator'
2019/09/05-14:18 [main] INFO  org.springframework.boot.web.embedded.tomcat.TomcatWebServer- Tomcat started on port(s): 8080 (http) with context path ''
2019/09/05-14:18 [main] INFO  com.zmh.stuspringbootdemo.StuSpringbootDemoApplication- Started StuSpringbootDemoApplication in 4.559 seconds (JVM running for 6.089)
2019/09/05-14:18 [RMI TCP Connection(1)-192.168.213.1] INFO  org.apache.catalina.core.ContainerBase.[Tomcat].[localhost].[/]- Initializing Spring DispatcherServlet 'dispatcherServlet'
2019/09/05-14:18 [RMI TCP Connection(1)-192.168.213.1] INFO  org.springframework.web.servlet.DispatcherServlet- Initializing Servlet 'dispatcherServlet'
2019/09/05-14:18 [RMI TCP Connection(1)-192.168.213.1] INFO  org.springframework.web.servlet.DispatcherServlet- Completed initialization in 12 ms
2019/09/05-14:18 [RMI TCP Connection(3)-192.168.213.1] INFO  com.zaxxer.hikari.HikariDataSource- DatebookHikariCP - Starting...
2019/09/05-14:18 [RMI TCP Connection(3)-192.168.213.1] INFO  com.zaxxer.hikari.HikariDataSource- DatebookHikariCP - Start completed.
2019/09/05-14:34 [http-nio-8080-exec-3] ERROR org.apache.catalina.core.ContainerBase.[Tomcat].[localhost].[/].[dispatcherServlet]- Servlet.service() for servlet [dispatcherServlet] in context with path [] threw exception [Request processing failed; nested exception is org.apache.shiro.authz.UnauthorizedException: Subject does not have permission [create]] with root cause
org.apache.shiro.authz.AuthorizationException: Not authorized to invoke method: public java.lang.Object com.zmh.stuspringbootdemo.controller.ShiroController.testAuthorityPermission()
	at org.apache.shiro.authz.aop.AuthorizingAnnotationMethodInterceptor.assertAuthorized(AuthorizingAnnotationMethodInterceptor.java:90)
	at org.apache.shiro.authz.aop.AnnotationsAuthorizingMethodInterceptor.assertAuthorized(AnnotationsAuthorizingMethodInterceptor.java:100)
	at org.apache.shiro.authz.aop.AuthorizingMethodInterceptor.invoke(AuthorizingMethodInterceptor.java:38)
	at org.apache.shiro.spring.security.interceptor.AopAllianceAnnotationsAuthorizingMethodInterceptor.invoke(AopAllianceAnnotationsAuthorizingMethodInterceptor.java:115)
	at org.springframework.aop.framework.ReflectiveMethodInvocation.proceed(ReflectiveMethodInvocation.java:186)
	at org.springframework.aop.framework.CglibAopProxy$DynamicAdvisedInterceptor.intercept(CglibAopProxy.java:688)
	at com.zmh.stuspringbootdemo.controller.ShiroController$$EnhancerBySpringCGLIB$$853f8d61.testAuthorityPermission(<generated>)
	at sun.reflect.NativeMethodAccessorImpl.invoke0(Native Method)
	at sun.reflect.NativeMethodAccessorImpl.invoke(NativeMethodAccessorImpl.java:62)
	at sun.reflect.DelegatingMethodAccessorImpl.invoke(DelegatingMethodAccessorImpl.java:43)
	at java.lang.reflect.Method.invoke(Method.java:498)
	at org.springframework.web.method.support.InvocableHandlerMethod.doInvoke(InvocableHandlerMethod.java:190)
	at org.springframework.web.method.support.InvocableHandlerMethod.invokeForRequest(InvocableHandlerMethod.java:138)
	at org.springframework.web.servlet.mvc.method.annotation.ServletInvocableHandlerMethod.invokeAndHandle(ServletInvocableHandlerMethod.java:104)
	at org.springframework.web.servlet.mvc.method.annotation.RequestMappingHandlerAdapter.invokeHandlerMethod(RequestMappingHandlerAdapter.java:892)
	at org.springframework.web.servlet.mvc.method.annotation.RequestMappingHandlerAdapter.handleInternal(RequestMappingHandlerAdapter.java:797)
	at org.springframework.web.servlet.mvc.method.AbstractHandlerMethodAdapter.handle(AbstractHandlerMethodAdapter.java:87)
	at org.springframework.web.servlet.DispatcherServlet.doDispatch(DispatcherServlet.java:1039)
	at org.springframework.web.servlet.DispatcherServlet.doService(DispatcherServlet.java:942)
	at org.springframework.web.servlet.FrameworkServlet.processRequest(FrameworkServlet.java:1005)
	at org.springframework.web.servlet.FrameworkServlet.doGet(FrameworkServlet.java:897)
	at javax.servlet.http.HttpServlet.service(HttpServlet.java:634)
	at org.springframework.web.servlet.FrameworkServlet.service(FrameworkServlet.java:882)
	at javax.servlet.http.HttpServlet.service(HttpServlet.java:741)
	at org.apache.catalina.core.ApplicationFilterChain.internalDoFilter(ApplicationFilterChain.java:231)
	at org.apache.catalina.core.ApplicationFilterChain.doFilter(ApplicationFilterChain.java:166)
	at org.apache.tomcat.websocket.server.WsFilter.doFilter(WsFilter.java:53)
	at org.apache.catalina.core.ApplicationFilterChain.internalDoFilter(ApplicationFilterChain.java:193)
	at org.apache.catalina.core.ApplicationFilterChain.doFilter(ApplicationFilterChain.java:166)
	at org.apache.shiro.web.servlet.ProxiedFilterChain.doFilter(ProxiedFilterChain.java:61)
	at org.apache.shiro.web.servlet.AdviceFilter.executeChain(AdviceFilter.java:108)
	at org.apache.shiro.web.servlet.AdviceFilter.doFilterInternal(AdviceFilter.java:137)
	at org.apache.shiro.web.servlet.OncePerRequestFilter.doFilter(OncePerRequestFilter.java:125)
	at org.apache.shiro.web.servlet.ProxiedFilterChain.doFilter(ProxiedFilterChain.java:66)
	at org.apache.shiro.web.servlet.AbstractShiroFilter.executeChain(AbstractShiroFilter.java:449)
	at org.apache.shiro.web.servlet.AbstractShiroFilter$1.call(AbstractShiroFilter.java:365)
	at org.apache.shiro.subject.support.SubjectCallable.doCall(SubjectCallable.java:90)
	at org.apache.shiro.subject.support.SubjectCallable.call(SubjectCallable.java:83)
	at org.apache.shiro.subject.support.DelegatingSubject.execute(DelegatingSubject.java:387)
	at org.apache.shiro.web.servlet.AbstractShiroFilter.doFilterInternal(AbstractShiroFilter.java:362)
	at org.apache.shiro.web.servlet.OncePerRequestFilter.doFilter(OncePerRequestFilter.java:125)
	at org.apache.catalina.core.ApplicationFilterChain.internalDoFilter(ApplicationFilterChain.java:193)
	at org.apache.catalina.core.ApplicationFilterChain.doFilter(ApplicationFilterChain.java:166)
	at org.springframework.boot.actuate.web.trace.servlet.HttpTraceFilter.doFilterInternal(HttpTraceFilter.java:90)
	at org.springframework.web.filter.OncePerRequestFilter.doFilter(OncePerRequestFilter.java:107)
	at org.apache.catalina.core.ApplicationFilterChain.internalDoFilter(ApplicationFilterChain.java:193)
	at org.apache.catalina.core.ApplicationFilterChain.doFilter(ApplicationFilterChain.java:166)
	at org.springframework.web.filter.RequestContextFilter.doFilterInternal(RequestContextFilter.java:99)
	at org.springframework.web.filter.OncePerRequestFilter.doFilter(OncePerRequestFilter.java:107)
	at org.apache.catalina.core.ApplicationFilterChain.internalDoFilter(ApplicationFilterChain.java:193)
	at org.apache.catalina.core.ApplicationFilterChain.doFilter(ApplicationFilterChain.java:166)
	at org.springframework.web.filter.FormContentFilter.doFilterInternal(FormContentFilter.java:92)
	at org.springframework.web.filter.OncePerRequestFilter.doFilter(OncePerRequestFilter.java:107)
	at org.apache.catalina.core.ApplicationFilterChain.internalDoFilter(ApplicationFilterChain.java:193)
	at org.apache.catalina.core.ApplicationFilterChain.doFilter(ApplicationFilterChain.java:166)
	at org.springframework.web.filter.HiddenHttpMethodFilter.doFilterInternal(HiddenHttpMethodFilter.java:93)
	at org.springframework.web.filter.OncePerRequestFilter.doFilter(OncePerRequestFilter.java:107)
	at org.apache.catalina.core.ApplicationFilterChain.internalDoFilter(ApplicationFilterChain.java:193)
	at org.apache.catalina.core.ApplicationFilterChain.doFilter(ApplicationFilterChain.java:166)
	at org.springframework.boot.actuate.metrics.web.servlet.WebMvcMetricsFilter.filterAndRecordMetrics(WebMvcMetricsFilter.java:117)
	at org.springframework.boot.actuate.metrics.web.servlet.WebMvcMetricsFilter.doFilterInternal(WebMvcMetricsFilter.java:106)
	at org.springframework.web.filter.OncePerRequestFilter.doFilter(OncePerRequestFilter.java:107)
	at org.apache.catalina.core.ApplicationFilterChain.internalDoFilter(ApplicationFilterChain.java:193)
	at org.apache.catalina.core.ApplicationFilterChain.doFilter(ApplicationFilterChain.java:166)
	at org.springframework.web.filter.CharacterEncodingFilter.doFilterInternal(CharacterEncodingFilter.java:200)
	at org.springframework.web.filter.OncePerRequestFilter.doFilter(OncePerRequestFilter.java:107)
	at org.apache.catalina.core.ApplicationFilterChain.internalDoFilter(ApplicationFilterChain.java:193)
	at org.apache.catalina.core.ApplicationFilterChain.doFilter(ApplicationFilterChain.java:166)
	at org.apache.catalina.core.StandardWrapperValve.invoke(StandardWrapperValve.java:200)
	at org.apache.catalina.core.StandardContextValve.invoke(StandardContextValve.java:96)
	at org.apache.catalina.authenticator.AuthenticatorBase.invoke(AuthenticatorBase.java:490)
	at org.apache.catalina.core.StandardHostValve.invoke(StandardHostValve.java:139)
	at org.apache.catalina.valves.ErrorReportValve.invoke(ErrorReportValve.java:92)
	at org.apache.catalina.core.StandardEngineValve.invoke(StandardEngineValve.java:74)
	at org.apache.catalina.connector.CoyoteAdapter.service(CoyoteAdapter.java:343)
	at org.apache.coyote.http11.Http11Processor.service(Http11Processor.java:408)
	at org.apache.coyote.AbstractProcessorLight.process(AbstractProcessorLight.java:66)
	at org.apache.coyote.AbstractProtocol$ConnectionHandler.process(AbstractProtocol.java:836)
	at org.apache.tomcat.util.net.NioEndpoint$SocketProcessor.doRun(NioEndpoint.java:1747)
	at org.apache.tomcat.util.net.SocketProcessorBase.run(SocketProcessorBase.java:49)
	at java.util.concurrent.ThreadPoolExecutor.runWorker(ThreadPoolExecutor.java:1149)
	at java.util.concurrent.ThreadPoolExecutor$Worker.run(ThreadPoolExecutor.java:624)
	at org.apache.tomcat.util.threads.TaskThread$WrappingRunnable.run(TaskThread.java:61)
	at java.lang.Thread.run(Thread.java:748)
2019/09/05-14:34 [http-nio-8080-exec-6] ERROR org.apache.catalina.core.ContainerBase.[Tomcat].[localhost].[/].[dispatcherServlet]- Servlet.service() for servlet [dispatcherServlet] in context with path [] threw exception [Request processing failed; nested exception is org.apache.shiro.authz.UnauthorizedException: Subject does not have permission [create]] with root cause
org.apache.shiro.authz.AuthorizationException: Not authorized to invoke method: public java.lang.Object com.zmh.stuspringbootdemo.controller.ShiroController.testAuthorityPermission()
	at org.apache.shiro.authz.aop.AuthorizingAnnotationMethodInterceptor.assertAuthorized(AuthorizingAnnotationMethodInterceptor.java:90)
	at org.apache.shiro.authz.aop.AnnotationsAuthorizingMethodInterceptor.assertAuthorized(AnnotationsAuthorizingMethodInterceptor.java:100)
	at org.apache.shiro.authz.aop.AuthorizingMethodInterceptor.invoke(AuthorizingMethodInterceptor.java:38)
	at org.apache.shiro.spring.security.interceptor.AopAllianceAnnotationsAuthorizingMethodInterceptor.invoke(AopAllianceAnnotationsAuthorizingMethodInterceptor.java:115)
	at org.springframework.aop.framework.ReflectiveMethodInvocation.proceed(ReflectiveMethodInvocation.java:186)
	at org.springframework.aop.framework.CglibAopProxy$DynamicAdvisedInterceptor.intercept(CglibAopProxy.java:688)
	at com.zmh.stuspringbootdemo.controller.ShiroController$$EnhancerBySpringCGLIB$$853f8d61.testAuthorityPermission(<generated>)
	at sun.reflect.NativeMethodAccessorImpl.invoke0(Native Method)
	at sun.reflect.NativeMethodAccessorImpl.invoke(NativeMethodAccessorImpl.java:62)
	at sun.reflect.DelegatingMethodAccessorImpl.invoke(DelegatingMethodAccessorImpl.java:43)
	at java.lang.reflect.Method.invoke(Method.java:498)
	at org.springframework.web.method.support.InvocableHandlerMethod.doInvoke(InvocableHandlerMethod.java:190)
	at org.springframework.web.method.support.InvocableHandlerMethod.invokeForRequest(InvocableHandlerMethod.java:138)
	at org.springframework.web.servlet.mvc.method.annotation.ServletInvocableHandlerMethod.invokeAndHandle(ServletInvocableHandlerMethod.java:104)
	at org.springframework.web.servlet.mvc.method.annotation.RequestMappingHandlerAdapter.invokeHandlerMethod(RequestMappingHandlerAdapter.java:892)
	at org.springframework.web.servlet.mvc.method.annotation.RequestMappingHandlerAdapter.handleInternal(RequestMappingHandlerAdapter.java:797)
	at org.springframework.web.servlet.mvc.method.AbstractHandlerMethodAdapter.handle(AbstractHandlerMethodAdapter.java:87)
	at org.springframework.web.servlet.DispatcherServlet.doDispatch(DispatcherServlet.java:1039)
	at org.springframework.web.servlet.DispatcherServlet.doService(DispatcherServlet.java:942)
	at org.springframework.web.servlet.FrameworkServlet.processRequest(FrameworkServlet.java:1005)
	at org.springframework.web.servlet.FrameworkServlet.doGet(FrameworkServlet.java:897)
	at javax.servlet.http.HttpServlet.service(HttpServlet.java:634)
	at org.springframework.web.servlet.FrameworkServlet.service(FrameworkServlet.java:882)
	at javax.servlet.http.HttpServlet.service(HttpServlet.java:741)
	at org.apache.catalina.core.ApplicationFilterChain.internalDoFilter(ApplicationFilterChain.java:231)
	at org.apache.catalina.core.ApplicationFilterChain.doFilter(ApplicationFilterChain.java:166)
	at org.apache.tomcat.websocket.server.WsFilter.doFilter(WsFilter.java:53)
	at org.apache.catalina.core.ApplicationFilterChain.internalDoFilter(ApplicationFilterChain.java:193)
	at org.apache.catalina.core.ApplicationFilterChain.doFilter(ApplicationFilterChain.java:166)
	at org.apache.shiro.web.servlet.ProxiedFilterChain.doFilter(ProxiedFilterChain.java:61)
	at org.apache.shiro.web.servlet.AdviceFilter.executeChain(AdviceFilter.java:108)
	at org.apache.shiro.web.servlet.AdviceFilter.doFilterInternal(AdviceFilter.java:137)
	at org.apache.shiro.web.servlet.OncePerRequestFilter.doFilter(OncePerRequestFilter.java:125)
	at org.apache.shiro.web.servlet.ProxiedFilterChain.doFilter(ProxiedFilterChain.java:66)
	at org.apache.shiro.web.servlet.AbstractShiroFilter.executeChain(AbstractShiroFilter.java:449)
	at org.apache.shiro.web.servlet.AbstractShiroFilter$1.call(AbstractShiroFilter.java:365)
	at org.apache.shiro.subject.support.SubjectCallable.doCall(SubjectCallable.java:90)
	at org.apache.shiro.subject.support.SubjectCallable.call(SubjectCallable.java:83)
	at org.apache.shiro.subject.support.DelegatingSubject.execute(DelegatingSubject.java:387)
	at org.apache.shiro.web.servlet.AbstractShiroFilter.doFilterInternal(AbstractShiroFilter.java:362)
	at org.apache.shiro.web.servlet.OncePerRequestFilter.doFilter(OncePerRequestFilter.java:125)
	at org.apache.catalina.core.ApplicationFilterChain.internalDoFilter(ApplicationFilterChain.java:193)
	at org.apache.catalina.core.ApplicationFilterChain.doFilter(ApplicationFilterChain.java:166)
	at org.springframework.boot.actuate.web.trace.servlet.HttpTraceFilter.doFilterInternal(HttpTraceFilter.java:90)
	at org.springframework.web.filter.OncePerRequestFilter.doFilter(OncePerRequestFilter.java:107)
	at org.apache.catalina.core.ApplicationFilterChain.internalDoFilter(ApplicationFilterChain.java:193)
	at org.apache.catalina.core.ApplicationFilterChain.doFilter(ApplicationFilterChain.java:166)
	at org.springframework.web.filter.RequestContextFilter.doFilterInternal(RequestContextFilter.java:99)
	at org.springframework.web.filter.OncePerRequestFilter.doFilter(OncePerRequestFilter.java:107)
	at org.apache.catalina.core.ApplicationFilterChain.internalDoFilter(ApplicationFilterChain.java:193)
	at org.apache.catalina.core.ApplicationFilterChain.doFilter(ApplicationFilterChain.java:166)
	at org.springframework.web.filter.FormContentFilter.doFilterInternal(FormContentFilter.java:92)
	at org.springframework.web.filter.OncePerRequestFilter.doFilter(OncePerRequestFilter.java:107)
	at org.apache.catalina.core.ApplicationFilterChain.internalDoFilter(ApplicationFilterChain.java:193)
	at org.apache.catalina.core.ApplicationFilterChain.doFilter(ApplicationFilterChain.java:166)
	at org.springframework.web.filter.HiddenHttpMethodFilter.doFilterInternal(HiddenHttpMethodFilter.java:93)
	at org.springframework.web.filter.OncePerRequestFilter.doFilter(OncePerRequestFilter.java:107)
	at org.apache.catalina.core.ApplicationFilterChain.internalDoFilter(ApplicationFilterChain.java:193)
	at org.apache.catalina.core.ApplicationFilterChain.doFilter(ApplicationFilterChain.java:166)
	at org.springframework.boot.actuate.metrics.web.servlet.WebMvcMetricsFilter.filterAndRecordMetrics(WebMvcMetricsFilter.java:117)
	at org.springframework.boot.actuate.metrics.web.servlet.WebMvcMetricsFilter.doFilterInternal(WebMvcMetricsFilter.java:106)
	at org.springframework.web.filter.OncePerRequestFilter.doFilter(OncePerRequestFilter.java:107)
	at org.apache.catalina.core.ApplicationFilterChain.internalDoFilter(ApplicationFilterChain.java:193)
	at org.apache.catalina.core.ApplicationFilterChain.doFilter(ApplicationFilterChain.java:166)
	at org.springframework.web.filter.CharacterEncodingFilter.doFilterInternal(CharacterEncodingFilter.java:200)
	at org.springframework.web.filter.OncePerRequestFilter.doFilter(OncePerRequestFilter.java:107)
	at org.apache.catalina.core.ApplicationFilterChain.internalDoFilter(ApplicationFilterChain.java:193)
	at org.apache.catalina.core.ApplicationFilterChain.doFilter(ApplicationFilterChain.java:166)
	at org.apache.catalina.core.StandardWrapperValve.invoke(StandardWrapperValve.java:200)
	at org.apache.catalina.core.StandardContextValve.invoke(StandardContextValve.java:96)
	at org.apache.catalina.authenticator.AuthenticatorBase.invoke(AuthenticatorBase.java:490)
	at org.apache.catalina.core.StandardHostValve.invoke(StandardHostValve.java:139)
	at org.apache.catalina.valves.ErrorReportValve.invoke(ErrorReportValve.java:92)
	at org.apache.catalina.core.StandardEngineValve.invoke(StandardEngineValve.java:74)
	at org.apache.catalina.connector.CoyoteAdapter.service(CoyoteAdapter.java:343)
	at org.apache.coyote.http11.Http11Processor.service(Http11Processor.java:408)
	at org.apache.coyote.AbstractProcessorLight.process(AbstractProcessorLight.java:66)
	at org.apache.coyote.AbstractProtocol$ConnectionHandler.process(AbstractProtocol.java:836)
	at org.apache.tomcat.util.net.NioEndpoint$SocketProcessor.doRun(NioEndpoint.java:1747)
	at org.apache.tomcat.util.net.SocketProcessorBase.run(SocketProcessorBase.java:49)
	at java.util.concurrent.ThreadPoolExecutor.runWorker(ThreadPoolExecutor.java:1149)
	at java.util.concurrent.ThreadPoolExecutor$Worker.run(ThreadPoolExecutor.java:624)
	at org.apache.tomcat.util.threads.TaskThread$WrappingRunnable.run(TaskThread.java:61)
	at java.lang.Thread.run(Thread.java:748)
